

times in msec
 clock   self+sourced   self:  sourced script
 clock   elapsed:              other lines

000.003  000.003: --- VIM STARTING ---
000.064  000.061: Allocated generic buffers
000.118  000.054: locale set
000.123  000.005: GUI prepared
000.126  000.003: clipboard setup
000.128  000.002: window checked
000.372  000.244: inits 1
000.411  000.039: parsing arguments
000.412  000.001: expanding arguments
000.417  000.005: shell init
001.041  000.624: xsmp init
001.166  000.125: Termcap init
001.191  000.025: inits 2
001.301  000.110: init highlight
001.625  000.130  000.130: sourcing /home/jackcai/.vim/autoload/pathogen.vim
007.558  002.118  002.118: sourcing /usr/local/share/vim/vim82/colors/lists/default.vim
007.659  002.432  000.314: sourcing /usr/local/share/vim/vim82/syntax/syncolor.vim
007.750  002.681  000.249: sourcing /usr/local/share/vim/vim82/syntax/synload.vim
012.155  000.016  000.016: sourcing /home/jackcai/.vim/bundle/ultisnips/ftdetect/snippets.vim
012.255  000.020  000.020: sourcing /home/jackcai/.vim/bundle/vim-json/ftdetect/json.vim
012.371  004.479  004.443: sourcing /usr/local/share/vim/vim82/filetype.vim
012.924  000.105  000.105: sourcing /usr/local/share/vim/vim82/syntax/messages.vim
013.609  000.353  000.353: sourcing /usr/local/share/vim/vim82/autoload/dist/ft.vim
015.310  001.123  001.123: sourcing /usr/local/share/vim/vim82/syntax/c.vim
016.528  001.187  001.187: sourcing /home/jackcai/.vim/bundle/vim-cpp-enhanced-highlight/after/syntax/c.vim
016.801  002.757  000.447: sourcing /usr/local/share/vim/vim82/syntax/cpp.vim
018.644  001.802  001.802: sourcing /home/jackcai/.vim/bundle/vim-cpp-enhanced-highlight/after/syntax/cpp.vim
019.172  014.270  002.093: sourcing /usr/local/share/vim/vim82/syntax/syntax.vim
019.578  000.137  000.137: sourcing /home/jackcai/.vim/bundle/Vundle.vim/autoload/vundle.vim
019.745  000.114  000.114: sourcing /home/jackcai/.vim/bundle/Vundle.vim/autoload/vundle/config.vim
019.933  000.009  000.009: sourcing /usr/local/share/vim/vim82/filetype.vim
020.123  000.024  000.024: sourcing /usr/local/share/vim/vim82/ftplugin.vim
020.275  000.020  000.020: sourcing /usr/local/share/vim/vim82/indent.vim
021.937  000.127  000.127: sourcing /usr/local/share/vim/vim82/syntax/syncolor.vim
023.979  001.824  001.824: sourcing /usr/local/share/vim/vim82/colors/lists/default.vim
025.367  000.244  000.244: sourcing /usr/local/share/vim/vim82/syntax/syncolor.vim
025.911  000.207  000.207: sourcing /usr/local/share/vim/vim82/syntax/syncolor.vim
028.375  004.179  003.728: sourcing /home/jackcai/.vim/bundle/vim-colors-solarized/colors/solarized.vim
030.370  000.027  000.027: sourcing /usr/local/share/vim/vim82/delmenu.vim
030.765  000.020  000.020: sourcing /usr/local/share/vim/vim82/autoload/paste.vim
032.080  001.693  001.673: sourcing /usr/local/share/vim/vim82/menu.vim
034.579  033.167  010.613: sourcing $HOME/.vimrc
034.586  000.118: sourcing vimrc file(s)
035.064  000.315  000.315: sourcing /home/jackcai/.vim/plugin/taglist.vim
035.415  000.307  000.307: sourcing /home/jackcai/.vim/bundle/pear-tree/plugin/pear-tree.vim
036.105  000.637  000.637: sourcing /home/jackcai/.vim/bundle/supertab/plugin/supertab.vim
036.189  000.025  000.025: sourcing /home/jackcai/.vim/bundle/rainbow_parentheses.vim/plugin/rainbow_parentheses.vim
036.449  000.007  000.007: sourcing /usr/local/share/vim/vim82/filetype.vim
036.765  000.006  000.006: sourcing /usr/local/share/vim/vim82/ftplugin.vim
037.151  000.026  000.026: sourcing /usr/local/share/vim/vim82/indent.vim
038.563  000.985  000.985: sourcing /usr/local/share/vim/vim82/colors/lists/default.vim
039.602  000.159  000.159: sourcing /usr/local/share/vim/vim82/syntax/syncolor.vim
040.214  000.151  000.151: sourcing /usr/local/share/vim/vim82/syntax/syncolor.vim
041.959  003.221  002.911: sourcing /home/jackcai/.vim/bundle/vim-colors-solarized/colors/solarized.vim
044.125  000.309  000.309: sourcing /usr/local/share/vim/vim82/pack/dist/opt/matchit/plugin/matchit.vim
044.186  000.915  000.606: sourcing /usr/local/share/vim/vim82/macros/matchit.vim
044.377  008.156  002.996: sourcing /home/jackcai/.vim/bundle/vim-sensible/plugin/sensible.vim
044.898  000.180  000.180: sourcing /home/jackcai/.vim/bundle/vim-gitgutter/autoload/gitgutter/utility.vim
045.310  000.115  000.115: sourcing /home/jackcai/.vim/bundle/vim-gitgutter/autoload/gitgutter/highlight.vim
046.683  002.166  001.871: sourcing /home/jackcai/.vim/bundle/vim-gitgutter/plugin/gitgutter.vim
047.161  000.130  000.130: sourcing /home/jackcai/.vim/pack/vendor/start/nerdtree/autoload/nerdtree.vim
047.653  000.315  000.315: sourcing /home/jackcai/.vim/pack/vendor/start/nerdtree/lib/nerdtree/path.vim
047.767  000.084  000.084: sourcing /home/jackcai/.vim/pack/vendor/start/nerdtree/lib/nerdtree/menu_controller.vim
047.845  000.048  000.048: sourcing /home/jackcai/.vim/pack/vendor/start/nerdtree/lib/nerdtree/menu_item.vim
047.935  000.064  000.064: sourcing /home/jackcai/.vim/pack/vendor/start/nerdtree/lib/nerdtree/key_map.vim
048.115  000.153  000.153: sourcing /home/jackcai/.vim/pack/vendor/start/nerdtree/lib/nerdtree/bookmark.vim
048.276  000.132  000.132: sourcing /home/jackcai/.vim/pack/vendor/start/nerdtree/lib/nerdtree/tree_file_node.vim
048.618  000.315  000.315: sourcing /home/jackcai/.vim/pack/vendor/start/nerdtree/lib/nerdtree/tree_dir_node.vim
048.814  000.156  000.156: sourcing /home/jackcai/.vim/pack/vendor/start/nerdtree/lib/nerdtree/opener.vim
049.002  000.150  000.150: sourcing /home/jackcai/.vim/pack/vendor/start/nerdtree/lib/nerdtree/creator.vim
049.070  000.041  000.041: sourcing /home/jackcai/.vim/pack/vendor/start/nerdtree/lib/nerdtree/flag_set.vim
049.174  000.079  000.079: sourcing /home/jackcai/.vim/pack/vendor/start/nerdtree/lib/nerdtree/nerdtree.vim
049.385  000.188  000.188: sourcing /home/jackcai/.vim/pack/vendor/start/nerdtree/lib/nerdtree/ui.vim
049.423  000.013  000.013: sourcing /home/jackcai/.vim/pack/vendor/start/nerdtree/lib/nerdtree/event.vim
049.470  000.025  000.025: sourcing /home/jackcai/.vim/pack/vendor/start/nerdtree/lib/nerdtree/notifier.vim
049.818  000.313  000.313: sourcing /home/jackcai/.vim/pack/vendor/start/nerdtree/autoload/nerdtree/ui_glue.vim
052.036  000.097  000.097: sourcing /home/jackcai/.vim/pack/vendor/start/nerdtree/nerdtree_plugin/exec_menuitem.vim
052.526  000.472  000.472: sourcing /home/jackcai/.vim/pack/vendor/start/nerdtree/nerdtree_plugin/fs_menu.vim
052.578  000.035  000.035: sourcing /home/jackcai/.vim/pack/vendor/start/nerdtree/nerdtree_plugin/vcs.vim
052.744  000.051  000.051: sourcing /home/jackcai/.vim/bundle/nerdtree-git-plugin/autoload/gitstatus.vim
053.014  000.039  000.039: sourcing /home/jackcai/.vim/bundle/nerdtree-git-plugin/autoload/gitstatus/log.vim
053.762  000.060  000.060: sourcing /home/jackcai/.vim/bundle/nerdtree-git-plugin/autoload/gitstatus/listener.vim
053.849  001.204  001.054: sourcing /home/jackcai/.vim/bundle/nerdtree-git-plugin/nerdtree_plugin/git_status.vim
053.983  000.011  000.011: sourcing /home/jackcai/.vim/bundle/nerdtree/nerdtree_plugin/exec_menuitem.vim
054.002  000.009  000.009: sourcing /home/jackcai/.vim/bundle/nerdtree/nerdtree_plugin/fs_menu.vim
054.048  000.036  000.036: sourcing /home/jackcai/.vim/bundle/nerdtree/nerdtree_plugin/vcs.vim
054.399  000.239  000.239: sourcing /home/jackcai/.vim/bundle/vim-devicons/nerdtree_plugin/webdevicons.vim
054.639  000.010  000.010: sourcing /home/jackcai/.vim/bundle/nerdtree/nerdtree_plugin/exec_menuitem.vim
054.656  000.008  000.008: sourcing /home/jackcai/.vim/bundle/nerdtree/nerdtree_plugin/fs_menu.vim
054.693  000.029  000.029: sourcing /home/jackcai/.vim/bundle/nerdtree/nerdtree_plugin/vcs.vim
054.739  000.011  000.011: sourcing /home/jackcai/.vim/bundle/nerdtree-git-plugin/nerdtree_plugin/git_status.vim
055.080  000.216  000.216: sourcing /home/jackcai/.vim/bundle/vim-devicons/nerdtree_plugin/webdevicons.vim
055.457  008.592  004.009: sourcing /home/jackcai/.vim/bundle/nerdtree/plugin/NERD_tree.vim
056.354  000.860  000.860: sourcing /home/jackcai/.vim/bundle/tagbar/plugin/tagbar.vim
056.558  000.158  000.158: sourcing /home/jackcai/.vim/bundle/taglist.vim/plugin/taglist.vim
057.368  000.740  000.740: sourcing /home/jackcai/.vim/bundle/winmanager/plugin/winfileexplorer.vim
058.100  000.717  000.717: sourcing /home/jackcai/.vim/bundle/winmanager/plugin/winmanager.vim
058.371  000.255  000.255: sourcing /home/jackcai/.vim/bundle/winmanager/plugin/wintagexplorer.vim
058.825  000.092  000.092: sourcing /home/jackcai/.vim/bundle/vim-airline/autoload/airline/init.vim
059.560  000.480  000.480: sourcing /home/jackcai/.vim/bundle/vim-airline/autoload/airline/parts.vim
059.749  000.017  000.017: sourcing /home/jackcai/.vim/bundle/vim-airline/autoload/airline/formatter/short_path.vim
060.810  000.283  000.283: sourcing /home/jackcai/.vim/bundle/vim-airline/autoload/airline/util.vim
060.873  002.454  001.582: sourcing /home/jackcai/.vim/bundle/vim-airline/plugin/airline.vim
060.944  000.026  000.026: sourcing /home/jackcai/.vim/bundle/vim-airline-themes/plugin/airline-themes.vim
061.331  000.163  000.163: sourcing /home/jackcai/.vim/bundle/ctrlp.vim/autoload/ctrlp/mrufiles.vim
061.445  000.463  000.300: sourcing /home/jackcai/.vim/bundle/ctrlp.vim/plugin/ctrlp.vim
061.710  000.222  000.222: sourcing /home/jackcai/.vim/bundle/changesPlugin/plugin/changesPlugin.vim
062.090  000.337  000.337: sourcing /home/jackcai/.vim/bundle/gutentags_plus/plugin/gutentags_plus.vim
062.432  000.206  000.206: sourcing /home/jackcai/.vim/bundle/L9/autoload/l9.vim
062.527  000.387  000.181: sourcing /home/jackcai/.vim/bundle/L9/plugin/l9.vim
063.273  000.123  000.123: sourcing /home/jackcai/.vim/bundle/vim-airline/autoload/airline.vim
064.371  000.024  000.024: sourcing /home/jackcai/.vim/bundle/vim-devicons/autoload/devicons/plugins/ctrlp.vim
064.444  001.864  001.717: sourcing /home/jackcai/.vim/bundle/vim-devicons/plugin/webdevicons.vim
064.978  000.477  000.477: sourcing /home/jackcai/.vim/bundle/fzf/plugin/fzf.vim
066.161  000.553  000.553: sourcing /home/jackcai/.vim/bundle/FuzzyFinder/autoload/fuf.vim
066.392  000.116  000.116: sourcing /home/jackcai/.vim/bundle/FuzzyFinder/autoload/fuf/buffer.vim
066.671  000.096  000.096: sourcing /home/jackcai/.vim/bundle/FuzzyFinder/autoload/fuf/file.vim
066.977  000.117  000.117: sourcing /home/jackcai/.vim/bundle/FuzzyFinder/autoload/fuf/coveragefile.vim
067.225  000.093  000.093: sourcing /home/jackcai/.vim/bundle/FuzzyFinder/autoload/fuf/dir.vim
067.568  000.121  000.121: sourcing /home/jackcai/.vim/bundle/FuzzyFinder/autoload/fuf/bookmarkfile.vim
067.831  000.104  000.104: sourcing /home/jackcai/.vim/bundle/FuzzyFinder/autoload/fuf/bookmarkdir.vim
068.084  000.109  000.109: sourcing /home/jackcai/.vim/bundle/FuzzyFinder/autoload/fuf/tag.vim
068.413  000.163  000.163: sourcing /home/jackcai/.vim/bundle/FuzzyFinder/autoload/fuf/buffertag.vim
069.012  000.105  000.105: sourcing /home/jackcai/.vim/bundle/FuzzyFinder/autoload/fuf/taggedfile.vim
069.277  000.110  000.110: sourcing /home/jackcai/.vim/bundle/FuzzyFinder/autoload/fuf/jumplist.vim
069.533  000.106  000.106: sourcing /home/jackcai/.vim/bundle/FuzzyFinder/autoload/fuf/changelist.vim
069.783  000.099  000.099: sourcing /home/jackcai/.vim/bundle/FuzzyFinder/autoload/fuf/quickfix.vim
070.017  000.093  000.093: sourcing /home/jackcai/.vim/bundle/FuzzyFinder/autoload/fuf/line.vim
070.278  000.123  000.123: sourcing /home/jackcai/.vim/bundle/FuzzyFinder/autoload/fuf/help.vim
070.555  000.107  000.107: sourcing /home/jackcai/.vim/bundle/FuzzyFinder/autoload/fuf/givenfile.vim
070.791  000.091  000.091: sourcing /home/jackcai/.vim/bundle/FuzzyFinder/autoload/fuf/givendir.vim
071.000  000.087  000.087: sourcing /home/jackcai/.vim/bundle/FuzzyFinder/autoload/fuf/givencmd.vim
071.222  000.095  000.095: sourcing /home/jackcai/.vim/bundle/FuzzyFinder/autoload/fuf/callbackfile.vim
071.445  000.095  000.095: sourcing /home/jackcai/.vim/bundle/FuzzyFinder/autoload/fuf/callbackitem.vim
071.461  006.432  003.849: sourcing /home/jackcai/.vim/bundle/FuzzyFinder/plugin/fuf.vim
072.013  000.485  000.485: sourcing /home/jackcai/.vim/bundle/DoxygenToolkit.vim/plugin/DoxygenToolkit.vim
072.211  000.140  000.140: sourcing /home/jackcai/.vim/bundle/DrawIt/plugin/DrawItPlugin.vim
072.505  000.250  000.250: sourcing /home/jackcai/.vim/bundle/DrawIt/plugin/cecutil.vim
072.937  000.205  000.205: sourcing /home/jackcai/.vim/bundle/vim-leader-guide/autoload/leaderGuide.vim
073.030  000.475  000.270: sourcing /home/jackcai/.vim/bundle/vim-leader-guide/plugin/leaderGuide.vim
073.160  000.054  000.054: sourcing /home/jackcai/.vim/bundle/vim-cmake/plugin/vim-cmake.vim
074.820  001.619  001.619: sourcing /home/jackcai/.vim/bundle/nerdcommenter/plugin/nerdcommenter.vim
075.404  000.103  000.103: sourcing /home/jackcai/.vim/bundle/ultisnips/autoload/UltiSnips/map_keys.vim
075.475  000.593  000.490: sourcing /home/jackcai/.vim/bundle/ultisnips/plugin/UltiSnips.vim
075.566  000.046  000.046: sourcing /home/jackcai/.vim/bundle/vim-snippets/plugin/vimsnippets.vim
076.313  000.705  000.705: sourcing /home/jackcai/.vim/bundle/YouCompleteMe/plugin/youcompleteme.vim
076.815  000.457  000.457: sourcing /home/jackcai/.vim/bundle/DoxygenToolkit.vim/plugin/DoxygenToolkit.vim
076.885  000.018  000.018: sourcing /home/jackcai/.vim/bundle/DrawIt/plugin/DrawItPlugin.vim
076.913  000.015  000.015: sourcing /home/jackcai/.vim/bundle/DrawIt/plugin/cecutil.vim
076.981  000.032  000.032: sourcing /home/jackcai/.vim/bundle/FuzzyFinder/plugin/fuf.vim
077.118  000.097  000.097: sourcing /home/jackcai/.vim/bundle/Gundo/plugin/gundo.vim
077.182  000.025  000.025: sourcing /home/jackcai/.vim/bundle/L9/plugin/l9.vim
077.264  000.037  000.037: sourcing /home/jackcai/.vim/bundle/YouCompleteMe/plugin/youcompleteme.vim
077.312  000.011  000.011: sourcing /home/jackcai/.vim/bundle/changesPlugin/plugin/changesPlugin.vim
077.356  000.008  000.008: sourcing /home/jackcai/.vim/bundle/ctrlp.vim/plugin/ctrlp.vim
077.409  000.012  000.012: sourcing /home/jackcai/.vim/bundle/fzf/plugin/fzf.vim
077.805  000.361  000.361: sourcing /home/jackcai/.vim/bundle/gutentags_plus/plugin/gutentags_plus.vim
077.862  000.007  000.007: sourcing /home/jackcai/.vim/bundle/nerdcommenter/plugin/nerdcommenter.vim
077.910  000.012  000.012: sourcing /home/jackcai/.vim/bundle/nerdtree/plugin/NERD_tree.vim
077.962  000.008  000.008: sourcing /home/jackcai/.vim/bundle/pear-tree/plugin/pear-tree.vim
078.037  000.029  000.029: sourcing /home/jackcai/.vim/bundle/rainbow_parentheses.vim/plugin/rainbow_parentheses.vim
078.103  000.025  000.025: sourcing /home/jackcai/.vim/bundle/supertab/plugin/supertab.vim
079.018  000.881  000.881: sourcing /home/jackcai/.vim/bundle/tagbar/plugin/tagbar.vim
079.236  000.169  000.169: sourcing /home/jackcai/.vim/bundle/taglist.vim/plugin/taglist.vim
079.284  000.006  000.006: sourcing /home/jackcai/.vim/bundle/ultisnips/plugin/UltiSnips.vim
079.341  000.022  000.022: sourcing /home/jackcai/.vim/bundle/vim-airline/plugin/airline.vim
079.406  000.019  000.019: sourcing /home/jackcai/.vim/bundle/vim-airline-themes/plugin/airline-themes.vim
079.457  000.016  000.016: sourcing /home/jackcai/.vim/bundle/vim-cmake/plugin/vim-cmake.vim
079.531  000.024  000.024: sourcing /home/jackcai/.vim/bundle/vim-devicons/plugin/webdevicons.vim
079.576  000.008  000.008: sourcing /home/jackcai/.vim/bundle/vim-gitgutter/plugin/gitgutter.vim
080.021  000.408  000.408: sourcing /home/jackcai/.vim/bundle/vim-gutentags/plugin/gutentags.vim
080.077  000.006  000.006: sourcing /home/jackcai/.vim/bundle/vim-leader-guide/plugin/leaderGuide.vim
080.123  000.007  000.007: sourcing /home/jackcai/.vim/bundle/vim-sensible/plugin/sensible.vim
080.162  000.006  000.006: sourcing /home/jackcai/.vim/bundle/vim-snippets/plugin/vimsnippets.vim
080.301  000.104  000.104: sourcing /home/jackcai/.vim/bundle/vim-startify/plugin/startify.vim
080.373  000.016  000.016: sourcing /home/jackcai/.vim/bundle/winmanager/plugin/winfileexplorer.vim
080.395  000.010  000.010: sourcing /home/jackcai/.vim/bundle/winmanager/plugin/winmanager.vim
080.579  000.173  000.173: sourcing /home/jackcai/.vim/bundle/winmanager/plugin/wintagexplorer.vim
080.781  000.059  000.059: sourcing /usr/local/share/vim/vim82/plugin/getscriptPlugin.vim
080.962  000.165  000.165: sourcing /usr/local/share/vim/vim82/plugin/gzip.vim
081.172  000.177  000.177: sourcing /usr/local/share/vim/vim82/plugin/logiPat.vim
081.209  000.019  000.019: sourcing /usr/local/share/vim/vim82/plugin/manpager.vim
081.397  000.172  000.172: sourcing /usr/local/share/vim/vim82/plugin/matchparen.vim
081.805  000.390  000.390: sourcing /usr/local/share/vim/vim82/plugin/netrwPlugin.vim
081.885  000.052  000.052: sourcing /usr/local/share/vim/vim82/plugin/rrhelper.vim
081.975  000.062  000.062: sourcing /usr/local/share/vim/vim82/plugin/spellfile.vim
082.132  000.137  000.137: sourcing /usr/local/share/vim/vim82/plugin/tarPlugin.vim
082.246  000.095  000.095: sourcing /usr/local/share/vim/vim82/plugin/tohtml.vim
082.407  000.142  000.142: sourcing /usr/local/share/vim/vim82/plugin/vimballPlugin.vim
082.586  000.156  000.156: sourcing /usr/local/share/vim/vim82/plugin/zipPlugin.vim
082.598  003.400: loading plugins
082.685  000.012  000.012: sourcing /home/jackcai/.vim/pack/vendor/start/nerdtree/plugin/NERD_tree.vim
082.725  000.115: loading packages
082.884  000.088  000.088: sourcing /home/jackcai/.vim/bundle/ultisnips/after/plugin/UltiSnips_after.vim
083.389  000.441  000.441: sourcing /home/jackcai/.vim/bundle/indentline/after/plugin/indentLine.vim
083.485  000.011  000.011: sourcing /home/jackcai/.vim/bundle/indentline/after/plugin/indentLine.vim
083.705  000.007  000.007: sourcing /home/jackcai/.vim/bundle/ultisnips/after/plugin/UltiSnips_after.vim
083.723  000.451: loading after plugins
083.731  000.008: inits 3
084.082  000.351: reading viminfo
085.153  001.071: setup clipboard
085.161  000.008: setting raw mode
085.169  000.008: start termcap
085.180  000.011: clearing screen
088.325  001.417  001.417: sourcing /usr/local/share/vim/vim82/syntax/c.vim
089.555  001.181  001.181: sourcing /home/jackcai/.vim/bundle/vim-cpp-enhanced-highlight/after/syntax/c.vim
090.049  000.381  000.381: sourcing /home/jackcai/.vim/bundle/vim-cpp-enhanced-highlight/after/syntax/c.vim
090.341  003.658  000.679: sourcing /usr/local/share/vim/vim82/syntax/cpp.vim
092.746  002.350  002.350: sourcing /home/jackcai/.vim/bundle/vim-cpp-enhanced-highlight/after/syntax/cpp.vim
095.451  002.412  002.412: sourcing /home/jackcai/.vim/bundle/vim-cpp-enhanced-highlight/after/syntax/cpp.vim
097.716  000.076  000.076: sourcing /usr/local/share/vim/vim82/ftplugin/c.vim
098.356  001.665  001.589: sourcing /usr/local/share/vim/vim82/ftplugin/cpp.vim
099.279  000.016  000.016: sourcing /usr/local/share/vim/vim82/indent/cpp.vim
099.760  000.202  000.202: sourcing /home/jackcai/.vim/bundle/vim-airline/autoload/airline/extensions.vim
099.943  000.072  000.072: sourcing /home/jackcai/.vim/bundle/vim-airline/autoload/airline/extensions/quickfix.vim
100.126  000.023  000.023: sourcing /home/jackcai/.vim/bundle/vim-airline/autoload/airline/extensions/netrw.vim
100.277  000.023  000.023: sourcing /home/jackcai/.vim/bundle/vim-airline/autoload/airline/extensions/fzf.vim
100.816  000.046  000.046: sourcing /home/jackcai/.vim/bundle/vim-airline/autoload/airline/section.vim
101.155  000.163  000.163: sourcing /home/jackcai/.vim/bundle/vim-airline/autoload/airline/highlighter.vim
101.400  000.769  000.560: sourcing /home/jackcai/.vim/bundle/vim-airline/autoload/airline/extensions/term.vim
101.590  000.041  000.041: sourcing /home/jackcai/.vim/bundle/vim-airline/autoload/airline/extensions/ctrlp.vim
101.830  000.067  000.067: sourcing /home/jackcai/.vim/bundle/vim-airline/autoload/airline/extensions/hunks.vim
101.991  000.040  000.040: sourcing /home/jackcai/.vim/bundle/vim-airline/autoload/airline/extensions/tagbar.vim
102.176  000.022  000.022: sourcing /home/jackcai/.vim/bundle/vim-airline/autoload/airline/extensions/taglist.vim
102.505  000.087  000.087: sourcing /home/jackcai/.vim/bundle/vim-airline/autoload/airline/extensions/whitespace.vim
102.926  000.043  000.043: sourcing /home/jackcai/.vim/bundle/vim-airline/autoload/airline/extensions/po.vim
103.114  000.070  000.070: sourcing /home/jackcai/.vim/bundle/vim-airline/autoload/airline/extensions/wordcount.vim
103.373  000.119  000.119: sourcing /home/jackcai/.vim/bundle/vim-airline/autoload/airline/extensions/tabline.vim
103.526  000.032  000.032: sourcing /home/jackcai/.vim/bundle/vim-airline/autoload/airline/extensions/tabline/autoshow.vim
103.917  000.063  000.063: sourcing /home/jackcai/.vim/bundle/vim-airline/autoload/airline/extensions/tabline/tabs.vim
104.179  000.118  000.118: sourcing /home/jackcai/.vim/bundle/vim-airline/autoload/airline/extensions/tabline/buffers.vim
104.416  000.016  000.016: sourcing /home/jackcai/.vim/bundle/vim-airline/autoload/airline/extensions/gutentags.vim
104.565  000.020  000.020: sourcing /home/jackcai/.vim/bundle/vim-airline/autoload/airline/extensions/keymap.vim
105.093  000.030  000.030: sourcing /home/jackcai/.vim/bundle/vim-airline/autoload/airline/extensions/searchcount.vim
109.304  000.135  000.135: sourcing /home/jackcai/.vim/bundle/vim-airline-clock/autoload/airline/extensions/clock.vim
112.682  000.066  000.066: sourcing /home/jackcai/.vim/bundle/vim-airline/autoload/airline/themes.vim
113.184  000.758  000.692: sourcing /home/jackcai/.vim/bundle/vim-airline/autoload/airline/themes/dark.vim
118.997  000.351  000.351: sourcing /home/jackcai/.vim/bundle/vim-airline/autoload/airline/themes/dark.vim
141.208  000.112  000.112: sourcing /home/jackcai/.vim/bundle/vim-airline/autoload/airline/builder.vim
141.724  000.060  000.060: sourcing /home/jackcai/.vim/bundle/vim-airline/autoload/airline/extensions/default.vim
160.345  000.302  000.302: sourcing /home/jackcai/.vim/bundle/vim-gutentags/autoload/gutentags.vim
161.205  000.188  000.188: sourcing /home/jackcai/.vim/bundle/vim-gutentags/autoload/gutentags/ctags.vim
162.717  063.673: opening buffers
162.963  000.126  000.126: sourcing /home/jackcai/.vim/bundle/vim-gitgutter/autoload/gitgutter.vim
163.463  000.103  000.103: sourcing /home/jackcai/.vim/bundle/ctrlp.vim/autoload/ctrlp/utils.vim
174.627  011.681: BufEnter autocommands
174.630  000.003: editing files in windows
176.072  000.659  000.659: sourcing /home/jackcai/.vim/bundle/changesPlugin/autoload/changes.vim
181.281  000.624  000.624: sourcing /home/jackcai/.vim/bundle/YouCompleteMe/autoload/youcompleteme.vim
254.096  078.183: VimEnter autocommands
254.099  000.003: before starting main loop
254.760  000.089  000.089: sourcing /home/jackcai/.vim/bundle/vim-airline/autoload/airline/extensions/tabline/ctrlspace.vim
254.937  000.070  000.070: sourcing /home/jackcai/.vim/bundle/vim-airline/autoload/airline/extensions/tabline/tabws.vim
255.333  000.104  000.104: sourcing /home/jackcai/.vim/bundle/vim-airline/autoload/airline/extensions/tabline/builder.vim
255.522  000.040  000.040: sourcing /home/jackcai/.vim/bundle/vim-airline/autoload/airline/extensions/tabline/buflist.vim
257.865  000.013  000.013: sourcing /home/jackcai/.vim/bundle/vim-devicons/autoload/airline/extensions/tabline/formatters/webdevicons.vim
258.008  000.033  000.033: sourcing /home/jackcai/.vim/bundle/vim-airline/autoload/airline/extensions/tabline/formatters/default.vim
265.375  000.259  000.259: sourcing /home/jackcai/.vim/bundle/vim-gitgutter/autoload/gitgutter/hunk.vim
267.027  001.430  001.430: sourcing /home/jackcai/.vim/bundle/tagbar/autoload/tagbar.vim
267.207  000.042  000.042: sourcing /home/jackcai/.vim/bundle/tagbar/autoload/tagbar/debug.vim
282.126  000.198  000.198: sourcing /home/jackcai/.vim/bundle/tagbar/autoload/tagbar/types/ctags.vim
282.263  000.028  000.028: sourcing /home/jackcai/.vim/bundle/tagbar/autoload/tagbar/prototypes/typeinfo.vim
288.782  000.074  000.074: sourcing /home/jackcai/.vim/bundle/tagbar/autoload/tagbar/prototypes/fileinfo.vim
303.527  000.118  000.118: sourcing /home/jackcai/.vim/bundle/tagbar/autoload/tagbar/prototypes/normaltag.vim
303.803  000.126  000.126: sourcing /home/jackcai/.vim/bundle/tagbar/autoload/tagbar/prototypes/basetag.vim
320.337  000.030  000.030: sourcing /home/jackcai/.vim/bundle/tagbar/autoload/tagbar/prototypes/pseudotag.vim
328.762  000.037  000.037: sourcing /home/jackcai/.vim/bundle/tagbar/autoload/tagbar/prototypes/kindheadertag.vim
329.488  000.032  000.032: sourcing /home/jackcai/.vim/bundle/tagbar/autoload/tagbar/sorting.vim
331.317  000.033  000.033: sourcing /home/jackcai/.vim/bundle/tagbar/autoload/tagbar/state.vim
333.570  001.845  001.845: sourcing /home/jackcai/.vim/plugin/taglist.vim
380.212  121.512: first screen update
380.216  000.004: --- VIM STARTED ---
